c:\users\moziki\documents\github\phageengine\phage\x64\debug\phage.pdb
c:\users\moziki\documents\github\phageengine\phage\x64\debug\phage.idb
c:\users\moziki\documents\github\phageengine\phage\x64\debug\clock.obj
c:\users\moziki\documents\github\phageengine\phage\x64\debug\logmanager.obj
c:\users\moziki\documents\github\phageengine\phage\x64\debug\matrixstack.obj
c:\users\moziki\documents\github\phageengine\phage\x64\debug\passet.obj
c:\users\moziki\documents\github\phageengine\phage\x64\debug\pfilereader.obj
c:\users\moziki\documents\github\phageengine\phage\x64\debug\phageengine.obj
c:\users\moziki\documents\github\phageengine\phage\x64\debug\pmaterial.obj
c:\users\moziki\documents\github\phageengine\phage\x64\debug\pmodel.obj
c:\users\moziki\documents\github\phageengine\phage\x64\debug\prenderer.obj
c:\users\moziki\documents\github\phageengine\phage\x64\debug\presourcemanager.obj
c:\users\moziki\documents\github\phageengine\phage\x64\debug\pscenegraph.obj
c:\users\moziki\documents\github\phageengine\phage\x64\debug\pscenenode.obj
c:\users\moziki\documents\github\phageengine\phage\x64\debug\psceneobject.obj
c:\users\moziki\documents\github\phageengine\phage\x64\debug\phashtable.obj
c:\users\moziki\documents\github\phageengine\phage\x64\debug\pmaterialmanager.obj
c:\users\moziki\documents\github\phageengine\x64\debug\phage.lib
c:\users\moziki\documents\github\phageengine\x64\debug\phage.pdb
c:\users\moziki\documents\github\phageengine\phage\x64\debug\phage.tlog\cl.command.1.tlog
c:\users\moziki\documents\github\phageengine\phage\x64\debug\phage.tlog\cl.read.1.tlog
c:\users\moziki\documents\github\phageengine\phage\x64\debug\phage.tlog\cl.write.1.tlog
c:\users\moziki\documents\github\phageengine\phage\x64\debug\phage.tlog\lib-link.read.1.tlog
c:\users\moziki\documents\github\phageengine\phage\x64\debug\phage.tlog\lib-link.write.1.tlog
c:\users\moziki\documents\github\phageengine\phage\x64\debug\phage.tlog\lib.command.1.tlog
