c:\users\richard\desktop\museum\phageengine3\editor\x64\debug\vc140.pdb
c:\users\richard\desktop\phageengine\editor\x64\debug\vc140.pdb
c:\users\richard\desktop\phageengine\editor\x64\debug\vc140.idb
c:\users\richard\desktop\phageengine\editor\x64\debug\debugeditor.obj
c:\users\richard\desktop\phageengine\editor\x64\debug\examplescript.obj
c:\users\richard\desktop\phageengine\editor\x64\debug\imgui.obj
c:\users\richard\desktop\phageengine\editor\x64\debug\imgui_draw.obj
c:\users\richard\desktop\phageengine\editor\x64\debug\imgui_impl_glfw_gl3.obj
c:\users\richard\desktop\phageengine\editor\x64\debug\main.obj
c:\users\richard\desktop\museum\phageengine3\x64\debug\editor.ilk
c:\users\richard\desktop\museum\phageengine3\x64\debug\editor.exe
c:\users\richard\desktop\museum\phageengine3\x64\debug\editor.pdb
c:\users\richard\desktop\phageengine\x64\debug\editor.ilk
c:\users\richard\desktop\phageengine\x64\debug\editor.exe
c:\users\richard\desktop\phageengine\x64\debug\editor.pdb
c:\users\richard\desktop\phageengine\editor\x64\debug\editor.tlog\cl.command.1.tlog
c:\users\richard\desktop\phageengine\editor\x64\debug\editor.tlog\cl.read.1.tlog
c:\users\richard\desktop\phageengine\editor\x64\debug\editor.tlog\cl.write.1.tlog
c:\users\richard\desktop\phageengine\editor\x64\debug\editor.tlog\link.command.1.tlog
c:\users\richard\desktop\phageengine\editor\x64\debug\editor.tlog\link.read.1.tlog
c:\users\richard\desktop\phageengine\editor\x64\debug\editor.tlog\link.write.1.tlog
